{"numFailedTestSuites":1,"numFailedTests":3,"numPassedTestSuites":0,"numPassedTests":3,"numPendingTestSuites":0,"numPendingTests":0,"numRuntimeErrorTestSuites":0,"numTodoTests":0,"numTotalTestSuites":1,"numTotalTests":6,"openHandles":[],"snapshot":{"added":0,"didUpdate":false,"failure":false,"filesAdded":0,"filesRemoved":0,"filesRemovedList":[],"filesUnmatched":0,"filesUpdated":0,"matched":0,"total":0,"unchecked":0,"uncheckedKeysByFile":[],"unmatched":0,"updated":0},"startTime":1754711302866,"success":false,"testResults":[{"assertionResults":[{"ancestorTitles":["DynamoDBService","putItem"],"duration":3,"failing":false,"failureDetails":[],"failureMessages":[],"fullName":"DynamoDBService putItem debe guardar un ítem correctamente","invocations":1,"location":null,"numPassingAsserts":2,"retryReasons":[],"startAt":1754711304706,"status":"passed","title":"debe guardar un ítem correctamente"},{"ancestorTitles":["DynamoDBService","putItem"],"duration":0,"failing":false,"failureDetails":[],"failureMessages":[],"fullName":"DynamoDBService putItem debe guardar un ítem correctamente usando el método de instancia","invocations":1,"location":null,"numPassingAsserts":1,"retryReasons":[],"startAt":1754711304710,"status":"passed","title":"debe guardar un ítem correctamente usando el método de instancia"},{"ancestorTitles":["DynamoDBService","getItem"],"duration":2,"failing":false,"failureDetails":[{"matcherResult":{"expected":{"PK":"CACHE#test","SK":"test","data":{"test":"test"},"ttl":1672534800,"type":"CACHE","createdAt":"2023-01-01T00:00:00.000Z"},"message":"\u001b[2mexpect(\u001b[22m\u001b[31mreceived\u001b[39m\u001b[2m).\u001b[22mtoEqual\u001b[2m(\u001b[22m\u001b[32mexpected\u001b[39m\u001b[2m) // deep equality\u001b[22m\n\nExpected: \u001b[32m{\"PK\": \"CACHE#test\", \"SK\": \"test\", \"createdAt\": \"2023-01-01T00:00:00.000Z\", \"data\": {\"test\": \"test\"}, \"ttl\": 1672534800, \"type\": \"CACHE\"}\u001b[39m\nReceived: \u001b[31mundefined\u001b[39m","name":"toEqual","pass":false}}],"failureMessages":["Error: \u001b[2mexpect(\u001b[22m\u001b[31mreceived\u001b[39m\u001b[2m).\u001b[22mtoEqual\u001b[2m(\u001b[22m\u001b[32mexpected\u001b[39m\u001b[2m) // deep equality\u001b[22m\n\nExpected: \u001b[32m{\"PK\": \"CACHE#test\", \"SK\": \"test\", \"createdAt\": \"2023-01-01T00:00:00.000Z\", \"data\": {\"test\": \"test\"}, \"ttl\": 1672534800, \"type\": \"CACHE\"}\u001b[39m\nReceived: \u001b[31mundefined\u001b[39m\n    at Object.<anonymous> (D:\\Documentos\\Prueba Tecnica\\prueba-tecnica\\test\\unit\\services\\dynamodb.service.test.ts:237:22)\n    at processTicksAndRejections (node:internal/process/task_queues:95:5)"],"fullName":"DynamoDBService getItem debe devolver un ítem existente","invocations":1,"location":null,"numPassingAsserts":1,"retryReasons":[],"startAt":1754711304710,"status":"failed","title":"debe devolver un ítem existente"},{"ancestorTitles":["DynamoDBService","getItem"],"duration":0,"failing":false,"failureDetails":[],"failureMessages":[],"fullName":"DynamoDBService getItem debe devolver undefined cuando el ítem no existe","invocations":1,"location":null,"numPassingAsserts":2,"retryReasons":[],"startAt":1754711304717,"status":"passed","title":"debe devolver undefined cuando el ítem no existe"},{"ancestorTitles":["DynamoDBService","queryItems"],"duration":3,"failing":false,"failureDetails":[{"matcherResult":{"actual":[],"expected":[{"PK":"CACHE#test","SK":"test","data":{"test":"test"},"ttl":1672534800,"type":"CACHE","createdAt":"2023-01-01T00:00:00.000Z"}],"message":"\u001b[2mexpect(\u001b[22m\u001b[31mreceived\u001b[39m\u001b[2m).\u001b[22mtoEqual\u001b[2m(\u001b[22m\u001b[32mexpected\u001b[39m\u001b[2m) // deep equality\u001b[22m\n\n\u001b[32m- Expected  - 12\u001b[39m\n\u001b[31m+ Received  +  1\u001b[39m\n\n\u001b[32m- Array [\u001b[39m\n\u001b[32m-   Object {\u001b[39m\n\u001b[32m-     \"PK\": \"CACHE#test\",\u001b[39m\n\u001b[32m-     \"SK\": \"test\",\u001b[39m\n\u001b[32m-     \"createdAt\": \"2023-01-01T00:00:00.000Z\",\u001b[39m\n\u001b[32m-     \"data\": Object {\u001b[39m\n\u001b[32m-       \"test\": \"test\",\u001b[39m\n\u001b[32m-     },\u001b[39m\n\u001b[32m-     \"ttl\": 1672534800,\u001b[39m\n\u001b[32m-     \"type\": \"CACHE\",\u001b[39m\n\u001b[32m-   },\u001b[39m\n\u001b[32m- ]\u001b[39m\n\u001b[31m+ Array []\u001b[39m","name":"toEqual","pass":false}}],"failureMessages":["Error: \u001b[2mexpect(\u001b[22m\u001b[31mreceived\u001b[39m\u001b[2m).\u001b[22mtoEqual\u001b[2m(\u001b[22m\u001b[32mexpected\u001b[39m\u001b[2m) // deep equality\u001b[22m\n\n\u001b[32m- Expected  - 12\u001b[39m\n\u001b[31m+ Received  +  1\u001b[39m\n\n\u001b[32m- Array [\u001b[39m\n\u001b[32m-   Object {\u001b[39m\n\u001b[32m-     \"PK\": \"CACHE#test\",\u001b[39m\n\u001b[32m-     \"SK\": \"test\",\u001b[39m\n\u001b[32m-     \"createdAt\": \"2023-01-01T00:00:00.000Z\",\u001b[39m\n\u001b[32m-     \"data\": Object {\u001b[39m\n\u001b[32m-       \"test\": \"test\",\u001b[39m\n\u001b[32m-     },\u001b[39m\n\u001b[32m-     \"ttl\": 1672534800,\u001b[39m\n\u001b[32m-     \"type\": \"CACHE\",\u001b[39m\n\u001b[32m-   },\u001b[39m\n\u001b[32m- ]\u001b[39m\n\u001b[31m+ Array []\u001b[39m\n    at Object.<anonymous> (D:\\Documentos\\Prueba Tecnica\\prueba-tecnica\\test\\unit\\services\\dynamodb.service.test.ts:282:22)\n    at processTicksAndRejections (node:internal/process/task_queues:95:5)"],"fullName":"DynamoDBService queryItems debe realizar una consulta por tipo correctamente","invocations":1,"location":null,"numPassingAsserts":1,"retryReasons":[],"startAt":1754711304717,"status":"failed","title":"debe realizar una consulta por tipo correctamente"},{"ancestorTitles":["DynamoDBService","scanItems"],"duration":1,"failing":false,"failureDetails":[{"matcherResult":{"actual":[],"expected":[{"PK":"CACHE#test","SK":"test","data":{"test":"test"},"ttl":1672534800,"type":"CACHE","createdAt":"2023-01-01T00:00:00.000Z"}],"message":"\u001b[2mexpect(\u001b[22m\u001b[31mreceived\u001b[39m\u001b[2m).\u001b[22mtoEqual\u001b[2m(\u001b[22m\u001b[32mexpected\u001b[39m\u001b[2m) // deep equality\u001b[22m\n\n\u001b[32m- Expected  - 12\u001b[39m\n\u001b[31m+ Received  +  1\u001b[39m\n\n\u001b[32m- Array [\u001b[39m\n\u001b[32m-   Object {\u001b[39m\n\u001b[32m-     \"PK\": \"CACHE#test\",\u001b[39m\n\u001b[32m-     \"SK\": \"test\",\u001b[39m\n\u001b[32m-     \"createdAt\": \"2023-01-01T00:00:00.000Z\",\u001b[39m\n\u001b[32m-     \"data\": Object {\u001b[39m\n\u001b[32m-       \"test\": \"test\",\u001b[39m\n\u001b[32m-     },\u001b[39m\n\u001b[32m-     \"ttl\": 1672534800,\u001b[39m\n\u001b[32m-     \"type\": \"CACHE\",\u001b[39m\n\u001b[32m-   },\u001b[39m\n\u001b[32m- ]\u001b[39m\n\u001b[31m+ Array []\u001b[39m","name":"toEqual","pass":false}}],"failureMessages":["Error: \u001b[2mexpect(\u001b[22m\u001b[31mreceived\u001b[39m\u001b[2m).\u001b[22mtoEqual\u001b[2m(\u001b[22m\u001b[32mexpected\u001b[39m\u001b[2m) // deep equality\u001b[22m\n\n\u001b[32m- Expected  - 12\u001b[39m\n\u001b[31m+ Received  +  1\u001b[39m\n\n\u001b[32m- Array [\u001b[39m\n\u001b[32m-   Object {\u001b[39m\n\u001b[32m-     \"PK\": \"CACHE#test\",\u001b[39m\n\u001b[32m-     \"SK\": \"test\",\u001b[39m\n\u001b[32m-     \"createdAt\": \"2023-01-01T00:00:00.000Z\",\u001b[39m\n\u001b[32m-     \"data\": Object {\u001b[39m\n\u001b[32m-       \"test\": \"test\",\u001b[39m\n\u001b[32m-     },\u001b[39m\n\u001b[32m-     \"ttl\": 1672534800,\u001b[39m\n\u001b[32m-     \"type\": \"CACHE\",\u001b[39m\n\u001b[32m-   },\u001b[39m\n\u001b[32m- ]\u001b[39m\n\u001b[31m+ Array []\u001b[39m\n    at Object.<anonymous> (D:\\Documentos\\Prueba Tecnica\\prueba-tecnica\\test\\unit\\services\\dynamodb.service.test.ts:304:22)\n    at processTicksAndRejections (node:internal/process/task_queues:95:5)"],"fullName":"DynamoDBService scanItems debe realizar un escaneo de la tabla correctamente","invocations":1,"location":null,"numPassingAsserts":1,"retryReasons":[],"startAt":1754711304720,"status":"failed","title":"debe realizar un escaneo de la tabla correctamente"}],"endTime":1754711304734,"message":"\u001b[1m\u001b[31m  \u001b[1m● \u001b[22m\u001b[1mDynamoDBService › getItem › debe devolver un ítem existente\u001b[39m\u001b[22m\n\n    \u001b[2mexpect(\u001b[22m\u001b[31mreceived\u001b[39m\u001b[2m).\u001b[22mtoEqual\u001b[2m(\u001b[22m\u001b[32mexpected\u001b[39m\u001b[2m) // deep equality\u001b[22m\n\n    Expected: \u001b[32m{\"PK\": \"CACHE#test\", \"SK\": \"test\", \"createdAt\": \"2023-01-01T00:00:00.000Z\", \"data\": {\"test\": \"test\"}, \"ttl\": 1672534800, \"type\": \"CACHE\"}\u001b[39m\n    Received: \u001b[31mundefined\u001b[39m\n\u001b[2m\u001b[22m\n\u001b[2m    \u001b[0m \u001b[90m 235 |\u001b[39m         \u001b[33mKey\u001b[39m\u001b[33m:\u001b[39m { \u001b[33mPK\u001b[39m\u001b[33m:\u001b[39m \u001b[32m'CACHE#test'\u001b[39m\u001b[33m,\u001b[39m \u001b[33mSK\u001b[39m\u001b[33m:\u001b[39m \u001b[32m'test'\u001b[39m }\u001b[22m\n\u001b[2m     \u001b[90m 236 |\u001b[39m       })\u001b[33m;\u001b[39m\u001b[22m\n\u001b[2m    \u001b[31m\u001b[1m>\u001b[22m\u001b[2m\u001b[39m\u001b[90m 237 |\u001b[39m       expect(result)\u001b[33m.\u001b[39mtoEqual(mockItem)\u001b[33m;\u001b[39m\u001b[22m\n\u001b[2m     \u001b[90m     |\u001b[39m                      \u001b[31m\u001b[1m^\u001b[22m\u001b[2m\u001b[39m\u001b[22m\n\u001b[2m     \u001b[90m 238 |\u001b[39m     })\u001b[33m;\u001b[39m\u001b[22m\n\u001b[2m     \u001b[90m 239 |\u001b[39m\u001b[22m\n\u001b[2m     \u001b[90m 240 |\u001b[39m     it(\u001b[32m'debe devolver undefined cuando el ítem no existe'\u001b[39m\u001b[33m,\u001b[39m \u001b[36masync\u001b[39m () \u001b[33m=>\u001b[39m {\u001b[0m\u001b[22m\n\u001b[2m\u001b[22m\n\u001b[2m      \u001b[2mat Object.<anonymous> (\u001b[22m\u001b[2m\u001b[0m\u001b[36mtest/unit/services/dynamodb.service.test.ts\u001b[39m\u001b[0m\u001b[2m:237:22)\u001b[22m\u001b[2m\u001b[22m\n\n\u001b[1m\u001b[31m  \u001b[1m● \u001b[22m\u001b[1mDynamoDBService › queryItems › debe realizar una consulta por tipo correctamente\u001b[39m\u001b[22m\n\n    \u001b[2mexpect(\u001b[22m\u001b[31mreceived\u001b[39m\u001b[2m).\u001b[22mtoEqual\u001b[2m(\u001b[22m\u001b[32mexpected\u001b[39m\u001b[2m) // deep equality\u001b[22m\n\n    \u001b[32m- Expected  - 12\u001b[39m\n    \u001b[31m+ Received  +  1\u001b[39m\n\n    \u001b[32m- Array [\u001b[39m\n    \u001b[32m-   Object {\u001b[39m\n    \u001b[32m-     \"PK\": \"CACHE#test\",\u001b[39m\n    \u001b[32m-     \"SK\": \"test\",\u001b[39m\n    \u001b[32m-     \"createdAt\": \"2023-01-01T00:00:00.000Z\",\u001b[39m\n    \u001b[32m-     \"data\": Object {\u001b[39m\n    \u001b[32m-       \"test\": \"test\",\u001b[39m\n    \u001b[32m-     },\u001b[39m\n    \u001b[32m-     \"ttl\": 1672534800,\u001b[39m\n    \u001b[32m-     \"type\": \"CACHE\",\u001b[39m\n    \u001b[32m-   },\u001b[39m\n    \u001b[32m- ]\u001b[39m\n    \u001b[31m+ Array []\u001b[39m\n\u001b[2m\u001b[22m\n\u001b[2m    \u001b[0m \u001b[90m 280 |\u001b[39m         \u001b[33mScanIndexForward\u001b[39m\u001b[33m:\u001b[39m \u001b[36mfalse\u001b[39m\u001b[22m\n\u001b[2m     \u001b[90m 281 |\u001b[39m       }))\u001b[33m;\u001b[39m\u001b[22m\n\u001b[2m    \u001b[31m\u001b[1m>\u001b[22m\u001b[2m\u001b[39m\u001b[90m 282 |\u001b[39m       expect(result)\u001b[33m.\u001b[39mtoEqual([mockItem])\u001b[33m;\u001b[39m\u001b[22m\n\u001b[2m     \u001b[90m     |\u001b[39m                      \u001b[31m\u001b[1m^\u001b[22m\u001b[2m\u001b[39m\u001b[22m\n\u001b[2m     \u001b[90m 283 |\u001b[39m     })\u001b[33m;\u001b[39m\u001b[22m\n\u001b[2m     \u001b[90m 284 |\u001b[39m   })\u001b[33m;\u001b[39m\u001b[22m\n\u001b[2m     \u001b[90m 285 |\u001b[39m\u001b[0m\u001b[22m\n\u001b[2m\u001b[22m\n\u001b[2m      \u001b[2mat Object.<anonymous> (\u001b[22m\u001b[2m\u001b[0m\u001b[36mtest/unit/services/dynamodb.service.test.ts\u001b[39m\u001b[0m\u001b[2m:282:22)\u001b[22m\u001b[2m\u001b[22m\n\n\u001b[1m\u001b[31m  \u001b[1m● \u001b[22m\u001b[1mDynamoDBService › scanItems › debe realizar un escaneo de la tabla correctamente\u001b[39m\u001b[22m\n\n    \u001b[2mexpect(\u001b[22m\u001b[31mreceived\u001b[39m\u001b[2m).\u001b[22mtoEqual\u001b[2m(\u001b[22m\u001b[32mexpected\u001b[39m\u001b[2m) // deep equality\u001b[22m\n\n    \u001b[32m- Expected  - 12\u001b[39m\n    \u001b[31m+ Received  +  1\u001b[39m\n\n    \u001b[32m- Array [\u001b[39m\n    \u001b[32m-   Object {\u001b[39m\n    \u001b[32m-     \"PK\": \"CACHE#test\",\u001b[39m\n    \u001b[32m-     \"SK\": \"test\",\u001b[39m\n    \u001b[32m-     \"createdAt\": \"2023-01-01T00:00:00.000Z\",\u001b[39m\n    \u001b[32m-     \"data\": Object {\u001b[39m\n    \u001b[32m-       \"test\": \"test\",\u001b[39m\n    \u001b[32m-     },\u001b[39m\n    \u001b[32m-     \"ttl\": 1672534800,\u001b[39m\n    \u001b[32m-     \"type\": \"CACHE\",\u001b[39m\n    \u001b[32m-   },\u001b[39m\n    \u001b[32m- ]\u001b[39m\n    \u001b[31m+ Array []\u001b[39m\n\u001b[2m\u001b[22m\n\u001b[2m    \u001b[0m \u001b[90m 302 |\u001b[39m         \u001b[33mLimit\u001b[39m\u001b[33m:\u001b[39m \u001b[35m10\u001b[39m\u001b[22m\n\u001b[2m     \u001b[90m 303 |\u001b[39m       })\u001b[33m;\u001b[39m\u001b[22m\n\u001b[2m    \u001b[31m\u001b[1m>\u001b[22m\u001b[2m\u001b[39m\u001b[90m 304 |\u001b[39m       expect(result)\u001b[33m.\u001b[39mtoEqual([mockItem])\u001b[33m;\u001b[39m\u001b[22m\n\u001b[2m     \u001b[90m     |\u001b[39m                      \u001b[31m\u001b[1m^\u001b[22m\u001b[2m\u001b[39m\u001b[22m\n\u001b[2m     \u001b[90m 305 |\u001b[39m     })\u001b[33m;\u001b[39m\u001b[22m\n\u001b[2m     \u001b[90m 306 |\u001b[39m   })\u001b[33m;\u001b[39m\u001b[22m\n\u001b[2m     \u001b[90m 307 |\u001b[39m })\u001b[33m;\u001b[39m\u001b[0m\u001b[22m\n\u001b[2m\u001b[22m\n\u001b[2m      \u001b[2mat Object.<anonymous> (\u001b[22m\u001b[2m\u001b[0m\u001b[36mtest/unit/services/dynamodb.service.test.ts\u001b[39m\u001b[0m\u001b[2m:304:22)\u001b[22m\u001b[2m\u001b[22m\n","name":"D:\\Documentos\\Prueba Tecnica\\prueba-tecnica\\test\\unit\\services\\dynamodb.service.test.ts","startTime":1754711303066,"status":"failed","summary":""}],"wasInterrupted":false,"coverageMap":{"D:\\Documentos\\Prueba Tecnica\\prueba-tecnica\\src\\services\\dynamodb.service.ts":{"path":"D:\\Documentos\\Prueba Tecnica\\prueba-tecnica\\src\\services\\dynamodb.service.ts","statementMap":{"0":{"start":{"line":37,"column":0},"end":{"line":37,"column":16}},"1":{"start":{"line":62,"column":0},"end":{"line":62,"column":16}},"2":{"start":{"line":1,"column":0},"end":{"line":1,"column":58}},"3":{"start":{"line":2,"column":0},"end":{"line":2,"column":null}},"4":{"start":{"line":18,"column":0},"end":{"line":18,"column":28}},"5":{"start":{"line":20,"column":0},"end":{"line":20,"column":16}},"6":{"start":{"line":38,"column":2},"end":{"line":41,"column":3}},"7":{"start":{"line":39,"column":4},"end":{"line":39,"column":78}},"8":{"start":{"line":40,"column":4},"end":{"line":40,"column":38}},"9":{"start":{"line":44,"column":2},"end":{"line":44,"column":77}},"10":{"start":{"line":45,"column":17},"end":{"line":52,"column":4}},"11":{"start":{"line":55,"column":2},"end":{"line":55,"column":45}},"12":{"start":{"line":59,"column":19},"end":{"line":59,"column":41}},"13":{"start":{"line":63,"column":2},"end":{"line":120,"column":4}},"14":{"start":{"line":65,"column":26},"end":{"line":65,"column":87}},"15":{"start":{"line":66,"column":6},"end":{"line":66,"column":45}},"16":{"start":{"line":67,"column":6},"end":{"line":67,"column":54}},"17":{"start":{"line":68,"column":6},"end":{"line":68,"column":76}},"18":{"start":{"line":69,"column":6},"end":{"line":69,"column":83}},"19":{"start":{"line":71,"column":6},"end":{"line":117,"column":7}},"20":{"start":{"line":72,"column":21},"end":{"line":72,"column":52}},"21":{"start":{"line":73,"column":20},"end":{"line":73,"column":43}},"22":{"start":{"line":74,"column":8},"end":{"line":74,"column":75}},"23":{"start":{"line":75,"column":8},"end":{"line":75,"column":34}},"24":{"start":{"line":76,"column":8},"end":{"line":76,"column":95}},"25":{"start":{"line":77,"column":8},"end":{"line":77,"column":54}},"26":{"start":{"line":79,"column":13},"end":{"line":117,"column":7}},"27":{"start":{"line":80,"column":20},"end":{"line":80,"column":69}},"28":{"start":{"line":81,"column":8},"end":{"line":81,"column":69}},"29":{"start":{"line":82,"column":21},"end":{"line":82,"column":40}},"30":{"start":{"line":83,"column":8},"end":{"line":83,"column":61}},"31":{"start":{"line":84,"column":8},"end":{"line":84,"column":95}},"32":{"start":{"line":85,"column":8},"end":{"line":85,"column":66}},"33":{"start":{"line":87,"column":13},"end":{"line":117,"column":7}},"34":{"start":{"line":89,"column":23},"end":{"line":89,"column":79}},"35":{"start":{"line":90,"column":8},"end":{"line":90,"column":75}},"36":{"start":{"line":91,"column":22},"end":{"line":94,"column":null}},"37":{"start":{"line":92,"column":33},"end":{"line":92,"column":53}},"38":{"start":{"line":94,"column":12},"end":{"line":94,"column":77}},"39":{"start":{"line":96,"column":8},"end":{"line":96,"column":67}},"40":{"start":{"line":97,"column":8},"end":{"line":97,"column":68}},"41":{"start":{"line":99,"column":13},"end":{"line":117,"column":7}},"42":{"start":{"line":100,"column":22},"end":{"line":100,"column":53}},"43":{"start":{"line":101,"column":8},"end":{"line":101,"column":76}},"44":{"start":{"line":102,"column":8},"end":{"line":105,"column":10}},"45":{"start":{"line":107,"column":13},"end":{"line":117,"column":7}},"46":{"start":{"line":108,"column":20},"end":{"line":108,"column":69}},"47":{"start":{"line":109,"column":24},"end":{"line":109,"column":43}},"48":{"start":{"line":110,"column":8},"end":{"line":115,"column":9}},"49":{"start":{"line":111,"column":10},"end":{"line":111,"column":33}},"50":{"start":{"line":112,"column":10},"end":{"line":112,"column":71}},"51":{"start":{"line":114,"column":10},"end":{"line":114,"column":85}},"52":{"start":{"line":116,"column":8},"end":{"line":116,"column":54}},"53":{"start":{"line":118,"column":6},"end":{"line":118,"column":16}},"54":{"start":{"line":139,"column":4},"end":{"line":139,"column":57}},"55":{"start":{"line":140,"column":4},"end":{"line":140,"column":77}},"56":{"start":{"line":144,"column":22},"end":{"line":144,"column":46}},"57":{"start":{"line":145,"column":29},"end":{"line":150,"column":6}},"58":{"start":{"line":152,"column":19},"end":{"line":155,"column":6}},"59":{"start":{"line":157,"column":4},"end":{"line":163,"column":5}},"60":{"start":{"line":158,"column":6},"end":{"line":158,"column":56}},"61":{"start":{"line":159,"column":6},"end":{"line":159,"column":30}},"62":{"start":{"line":161,"column":6},"end":{"line":161,"column":64}},"63":{"start":{"line":162,"column":6},"end":{"line":162,"column":18}},"64":{"start":{"line":167,"column":19},"end":{"line":173,"column":6}},"65":{"start":{"line":175,"column":4},"end":{"line":181,"column":5}},"66":{"start":{"line":176,"column":23},"end":{"line":176,"column":72}},"67":{"start":{"line":177,"column":6},"end":{"line":177,"column":43}},"68":{"start":{"line":179,"column":6},"end":{"line":179,"column":64}},"69":{"start":{"line":180,"column":6},"end":{"line":180,"column":18}},"70":{"start":{"line":185,"column":4},"end":{"line":232,"column":5}},"71":{"start":{"line":187,"column":6},"end":{"line":228,"column":7}},"72":{"start":{"line":188,"column":23},"end":{"line":197,"column":10}},"73":{"start":{"line":199,"column":23},"end":{"line":199,"column":81}},"74":{"start":{"line":200,"column":22},"end":{"line":200,"column":40}},"75":{"start":{"line":201,"column":8},"end":{"line":201,"column":36}},"76":{"start":{"line":204,"column":8},"end":{"line":226,"column":9}},"77":{"start":{"line":205,"column":10},"end":{"line":205,"column":74}},"78":{"start":{"line":207,"column":29},"end":{"line":217,"column":12}},"79":{"start":{"line":219,"column":25},"end":{"line":219,"column":86}},"80":{"start":{"line":220,"column":24},"end":{"line":220,"column":42}},"81":{"start":{"line":221,"column":30},"end":{"line":222,"column":null}},"82":{"start":{"line":222,"column":12},"end":{"line":222,"column":77}},"83":{"start":{"line":225,"column":10},"end":{"line":225,"column":45}},"84":{"start":{"line":227,"column":8},"end":{"line":227,"column":20}},"85":{"start":{"line":230,"column":6},"end":{"line":230,"column":55}},"86":{"start":{"line":231,"column":6},"end":{"line":231,"column":18}},"87":{"start":{"line":236,"column":19},"end":{"line":239,"column":6}},"88":{"start":{"line":241,"column":4},"end":{"line":247,"column":5}},"89":{"start":{"line":242,"column":21},"end":{"line":242,"column":71}},"90":{"start":{"line":243,"column":6},"end":{"line":243,"column":49}},"91":{"start":{"line":245,"column":6},"end":{"line":245,"column":66}},"92":{"start":{"line":246,"column":6},"end":{"line":246,"column":18}},"93":{"start":{"line":251,"column":19},"end":{"line":257,"column":6}},"94":{"start":{"line":259,"column":4},"end":{"line":265,"column":5}},"95":{"start":{"line":260,"column":21},"end":{"line":260,"column":73}},"96":{"start":{"line":261,"column":6},"end":{"line":261,"column":18}},"97":{"start":{"line":263,"column":6},"end":{"line":263,"column":65}},"98":{"start":{"line":264,"column":6},"end":{"line":264,"column":18}},"99":{"start":{"line":133,"column":0},"end":{"line":133,"column":13}}},"fnMap":{"0":{"name":"createDynamoDBClient","decl":{"start":{"line":37,"column":16},"end":{"line":37,"column":36}},"loc":{"start":{"line":37,"column":36},"end":{"line":56,"column":1}}},"1":{"name":"createMockDynamoDBClient","decl":{"start":{"line":62,"column":16},"end":{"line":62,"column":40}},"loc":{"start":{"line":62,"column":40},"end":{"line":121,"column":1}}},"2":{"name":"(anonymous_3)","decl":{"start":{"line":64,"column":10},"end":{"line":64,"column":15}},"loc":{"start":{"line":64,"column":33},"end":{"line":119,"column":5}}},"3":{"name":"(anonymous_4)","decl":{"start":{"line":92,"column":18},"end":{"line":92,"column":19}},"loc":{"start":{"line":92,"column":33},"end":{"line":92,"column":53}}},"4":{"name":"(anonymous_5)","decl":{"start":{"line":93,"column":16},"end":{"line":93,"column":17}},"loc":{"start":{"line":94,"column":12},"end":{"line":94,"column":77}}},"5":{"name":"(anonymous_6)","decl":{"start":{"line":138,"column":2},"end":{"line":138,"column":14}},"loc":{"start":{"line":138,"column":41},"end":{"line":141,"column":3}}},"6":{"name":"(anonymous_7)","decl":{"start":{"line":143,"column":2},"end":{"line":143,"column":7}},"loc":{"start":{"line":143,"column":50},"end":{"line":164,"column":3}}},"7":{"name":"(anonymous_8)","decl":{"start":{"line":166,"column":2},"end":{"line":166,"column":7}},"loc":{"start":{"line":166,"column":38},"end":{"line":182,"column":3}}},"8":{"name":"(anonymous_9)","decl":{"start":{"line":184,"column":2},"end":{"line":184,"column":7}},"loc":{"start":{"line":184,"column":51},"end":{"line":233,"column":3}}},"9":{"name":"(anonymous_10)","decl":{"start":{"line":221,"column":61},"end":{"line":221,"column":62}},"loc":{"start":{"line":222,"column":12},"end":{"line":222,"column":77}}},"10":{"name":"(anonymous_11)","decl":{"start":{"line":235,"column":2},"end":{"line":235,"column":7}},"loc":{"start":{"line":235,"column":36},"end":{"line":248,"column":3}}},"11":{"name":"(anonymous_12)","decl":{"start":{"line":250,"column":2},"end":{"line":250,"column":7}},"loc":{"start":{"line":250,"column":41},"end":{"line":266,"column":3}}}},"branchMap":{"0":{"loc":{"start":{"line":38,"column":2},"end":{"line":41,"column":3}},"type":"if","locations":[{"start":{"line":38,"column":2},"end":{"line":41,"column":3}},{"start":{},"end":{}}]},"1":{"loc":{"start":{"line":38,"column":6},"end":{"line":38,"column":84}},"type":"binary-expr","locations":[{"start":{"line":38,"column":6},"end":{"line":38,"column":46}},{"start":{"line":38,"column":50},"end":{"line":38,"column":84}}]},"2":{"loc":{"start":{"line":46,"column":12},"end":{"line":46,"column":49}},"type":"binary-expr","locations":[{"start":{"line":46,"column":12},"end":{"line":46,"column":34}},{"start":{"line":46,"column":38},"end":{"line":46,"column":49}}]},"3":{"loc":{"start":{"line":48,"column":19},"end":{"line":48,"column":59}},"type":"binary-expr","locations":[{"start":{"line":48,"column":19},"end":{"line":48,"column":48}},{"start":{"line":48,"column":52},"end":{"line":48,"column":59}}]},"4":{"loc":{"start":{"line":49,"column":23},"end":{"line":49,"column":67}},"type":"binary-expr","locations":[{"start":{"line":49,"column":23},"end":{"line":49,"column":56}},{"start":{"line":49,"column":60},"end":{"line":49,"column":67}}]},"5":{"loc":{"start":{"line":51,"column":14},"end":{"line":51,"column":74}},"type":"cond-expr","locations":[{"start":{"line":51,"column":39},"end":{"line":51,"column":62}},{"start":{"line":51,"column":65},"end":{"line":51,"column":74}}]},"6":{"loc":{"start":{"line":65,"column":26},"end":{"line":65,"column":87}},"type":"binary-expr","locations":[{"start":{"line":65,"column":26},"end":{"line":65,"column":51}},{"start":{"line":65,"column":55},"end":{"line":65,"column":67}},{"start":{"line":65,"column":71},"end":{"line":65,"column":87}}]},"7":{"loc":{"start":{"line":71,"column":6},"end":{"line":117,"column":7}},"type":"if","locations":[{"start":{"line":71,"column":6},"end":{"line":117,"column":7}},{"start":{"line":79,"column":13},"end":{"line":117,"column":7}}]},"8":{"loc":{"start":{"line":71,"column":10},"end":{"line":71,"column":97}},"type":"binary-expr","locations":[{"start":{"line":71,"column":10},"end":{"line":71,"column":29}},{"start":{"line":71,"column":34},"end":{"line":71,"column":63}},{"start":{"line":71,"column":67},"end":{"line":71,"column":96}}]},"9":{"loc":{"start":{"line":79,"column":13},"end":{"line":117,"column":7}},"type":"if","locations":[{"start":{"line":79,"column":13},"end":{"line":117,"column":7}},{"start":{"line":87,"column":13},"end":{"line":117,"column":7}}]},"10":{"loc":{"start":{"line":79,"column":17},"end":{"line":79,"column":103}},"type":"binary-expr","locations":[{"start":{"line":79,"column":17},"end":{"line":79,"column":35}},{"start":{"line":79,"column":40},"end":{"line":79,"column":69}},{"start":{"line":79,"column":73},"end":{"line":79,"column":102}}]},"11":{"loc":{"start":{"line":87,"column":13},"end":{"line":117,"column":7}},"type":"if","locations":[{"start":{"line":87,"column":13},"end":{"line":117,"column":7}},{"start":{"line":99,"column":13},"end":{"line":117,"column":7}}]},"12":{"loc":{"start":{"line":87,"column":17},"end":{"line":88,"column":84}},"type":"binary-expr","locations":[{"start":{"line":87,"column":18},"end":{"line":87,"column":55}},{"start":{"line":87,"column":59},"end":{"line":87,"column":99}},{"start":{"line":88,"column":17},"end":{"line":88,"column":48}},{"start":{"line":88,"column":52},"end":{"line":88,"column":83}}]},"13":{"loc":{"start":{"line":89,"column":23},"end":{"line":89,"column":79}},"type":"binary-expr","locations":[{"start":{"line":89,"column":23},"end":{"line":89,"column":73}},{"start":{"line":89,"column":77},"end":{"line":89,"column":79}}]},"14":{"loc":{"start":{"line":99,"column":13},"end":{"line":117,"column":7}},"type":"if","locations":[{"start":{"line":99,"column":13},"end":{"line":117,"column":7}},{"start":{"line":107,"column":13},"end":{"line":117,"column":7}}]},"15":{"loc":{"start":{"line":99,"column":17},"end":{"line":99,"column":81}},"type":"binary-expr","locations":[{"start":{"line":99,"column":17},"end":{"line":99,"column":47}},{"start":{"line":99,"column":51},"end":{"line":99,"column":81}}]},"16":{"loc":{"start":{"line":107,"column":13},"end":{"line":117,"column":7}},"type":"if","locations":[{"start":{"line":107,"column":13},"end":{"line":117,"column":7}},{"start":{},"end":{}}]},"17":{"loc":{"start":{"line":107,"column":17},"end":{"line":107,"column":85}},"type":"binary-expr","locations":[{"start":{"line":107,"column":17},"end":{"line":107,"column":49}},{"start":{"line":107,"column":53},"end":{"line":107,"column":85}}]},"18":{"loc":{"start":{"line":110,"column":8},"end":{"line":115,"column":9}},"type":"if","locations":[{"start":{"line":110,"column":8},"end":{"line":115,"column":9}},{"start":{"line":113,"column":15},"end":{"line":115,"column":9}}]},"19":{"loc":{"start":{"line":139,"column":21},"end":{"line":139,"column":56}},"type":"binary-expr","locations":[{"start":{"line":139,"column":21},"end":{"line":139,"column":30}},{"start":{"line":139,"column":34},"end":{"line":139,"column":56}}]},"20":{"loc":{"start":{"line":140,"column":21},"end":{"line":140,"column":76}},"type":"binary-expr","locations":[{"start":{"line":140,"column":21},"end":{"line":140,"column":47}},{"start":{"line":140,"column":51},"end":{"line":140,"column":76}}]},"21":{"loc":{"start":{"line":184,"column":33},"end":{"line":184,"column":51}},"type":"default-arg","locations":[{"start":{"line":184,"column":49},"end":{"line":184,"column":51}}]},"22":{"loc":{"start":{"line":200,"column":22},"end":{"line":200,"column":40}},"type":"binary-expr","locations":[{"start":{"line":200,"column":22},"end":{"line":200,"column":34}},{"start":{"line":200,"column":38},"end":{"line":200,"column":40}}]},"23":{"loc":{"start":{"line":204,"column":8},"end":{"line":226,"column":9}},"type":"if","locations":[{"start":{"line":204,"column":8},"end":{"line":226,"column":9}},{"start":{},"end":{}}]},"24":{"loc":{"start":{"line":204,"column":12},"end":{"line":204,"column":99}},"type":"binary-expr","locations":[{"start":{"line":204,"column":12},"end":{"line":204,"column":48}},{"start":{"line":204,"column":52},"end":{"line":204,"column":99}}]},"25":{"loc":{"start":{"line":220,"column":24},"end":{"line":220,"column":42}},"type":"binary-expr","locations":[{"start":{"line":220,"column":24},"end":{"line":220,"column":36}},{"start":{"line":220,"column":40},"end":{"line":220,"column":42}}]},"26":{"loc":{"start":{"line":235,"column":18},"end":{"line":235,"column":36}},"type":"default-arg","locations":[{"start":{"line":235,"column":34},"end":{"line":235,"column":36}}]},"27":{"loc":{"start":{"line":243,"column":14},"end":{"line":243,"column":32}},"type":"binary-expr","locations":[{"start":{"line":243,"column":14},"end":{"line":243,"column":26}},{"start":{"line":243,"column":30},"end":{"line":243,"column":32}}]}},"s":{"0":1,"1":1,"2":1,"3":1,"4":1,"5":1,"6":6,"7":6,"8":6,"9":0,"10":0,"11":0,"12":1,"13":6,"14":6,"15":6,"16":6,"17":6,"18":6,"19":6,"20":0,"21":0,"22":0,"23":0,"24":0,"25":0,"26":6,"27":0,"28":0,"29":0,"30":0,"31":0,"32":0,"33":6,"34":0,"35":0,"36":0,"37":0,"38":0,"39":0,"40":0,"41":6,"42":0,"43":0,"44":0,"45":6,"46":0,"47":0,"48":0,"49":0,"50":0,"51":0,"52":0,"53":6,"54":6,"55":6,"56":2,"57":2,"58":2,"59":2,"60":2,"61":2,"62":0,"63":0,"64":2,"65":2,"66":2,"67":2,"68":0,"69":0,"70":1,"71":1,"72":1,"73":1,"74":1,"75":1,"76":0,"77":0,"78":0,"79":0,"80":0,"81":0,"82":0,"83":0,"84":0,"85":0,"86":0,"87":1,"88":1,"89":1,"90":1,"91":0,"92":0,"93":0,"94":0,"95":0,"96":0,"97":0,"98":0,"99":1},"f":{"0":6,"1":6,"2":6,"3":0,"4":0,"5":6,"6":2,"7":2,"8":1,"9":0,"10":1,"11":0},"b":{"0":[6,0],"1":[6,6],"2":[0,0],"3":[0,0],"4":[0,0],"5":[0,0],"6":[6,0,0],"7":[0,6],"8":[6,0,0],"9":[0,6],"10":[6,0,0],"11":[0,6],"12":[6,6,0,0],"13":[0,0],"14":[0,6],"15":[6,6],"16":[0,6],"17":[6,6],"18":[0,0],"19":[6,6],"20":[6,0],"21":[0],"22":[1,1],"23":[0,0],"24":[0,0],"25":[0,0],"26":[0],"27":[1,1]}}}}
