{"numFailedTestSuites":1,"numFailedTests":2,"numPassedTestSuites":0,"numPassedTests":0,"numPendingTestSuites":0,"numPendingTests":0,"numRuntimeErrorTestSuites":0,"numTodoTests":0,"numTotalTestSuites":1,"numTotalTests":2,"openHandles":[],"snapshot":{"added":0,"didUpdate":false,"failure":false,"filesAdded":0,"filesRemoved":0,"filesRemovedList":[],"filesUnmatched":0,"filesUpdated":0,"matched":0,"total":0,"unchecked":0,"uncheckedKeysByFile":[],"unmatched":0,"updated":0},"startTime":1754855243053,"success":false,"testResults":[{"assertionResults":[{"ancestorTitles":["POST /almacenar"],"duration":4,"failing":false,"failureDetails":[{"matcherResult":{"actual":500,"expected":200,"message":"\u001b[2mexpect(\u001b[22m\u001b[31mreceived\u001b[39m\u001b[2m).\u001b[22mtoBe\u001b[2m(\u001b[22m\u001b[32mexpected\u001b[39m\u001b[2m) // Object.is equality\u001b[22m\n\nExpected: \u001b[32m200\u001b[39m\nReceived: \u001b[31m500\u001b[39m","name":"toBe","pass":false}}],"failureMessages":["Error: \u001b[2mexpect(\u001b[22m\u001b[31mreceived\u001b[39m\u001b[2m).\u001b[22mtoBe\u001b[2m(\u001b[22m\u001b[32mexpected\u001b[39m\u001b[2m) // Object.is equality\u001b[22m\n\nExpected: \u001b[32m200\u001b[39m\nReceived: \u001b[31m500\u001b[39m\n    at Object.<anonymous> (D:\\Documentos\\Prueba Tecnica\\prueba-tecnica\\test\\integration\\almacenar.test.ts:103:38)\n    at processTicksAndRejections (node:internal/process/task_queues:95:5)"],"fullName":"POST /almacenar should store custom data and return the ID","invocations":1,"location":null,"numPassingAsserts":3,"retryReasons":[],"startAt":1754855245000,"status":"failed","title":"should store custom data and return the ID"},{"ancestorTitles":["POST /almacenar"],"duration":0,"failing":false,"failureDetails":[{"matcherResult":{"message":"\u001b[2mexpect(\u001b[22m\u001b[31mreceived\u001b[39m\u001b[2m).\u001b[22mtoContain\u001b[2m(\u001b[22m\u001b[32mexpected\u001b[39m\u001b[2m) // indexOf\u001b[22m\n\nExpected substring: \u001b[32m\"Validation Error\"\u001b[39m\nReceived string:    \u001b[31m\"Invalid data format. Expected a non-empty object.\"\u001b[39m","pass":false}}],"failureMessages":["Error: \u001b[2mexpect(\u001b[22m\u001b[31mreceived\u001b[39m\u001b[2m).\u001b[22mtoContain\u001b[2m(\u001b[22m\u001b[32mexpected\u001b[39m\u001b[2m) // indexOf\u001b[22m\n\nExpected substring: \u001b[32m\"Validation Error\"\u001b[39m\nReceived string:    \u001b[31m\"Invalid data format. Expected a non-empty object.\"\u001b[39m\n    at Object.<anonymous> (D:\\Documentos\\Prueba Tecnica\\prueba-tecnica\\test\\integration\\almacenar.test.ts:146:52)\n    at processTicksAndRejections (node:internal/process/task_queues:95:5)"],"fullName":"POST /almacenar should return 400 for invalid input","invocations":1,"location":null,"numPassingAsserts":4,"retryReasons":[],"startAt":1754855245008,"status":"failed","title":"should return 400 for invalid input"}],"endTime":1754855245017,"message":"\u001b[1m\u001b[31m  \u001b[1m● \u001b[22m\u001b[1mPOST /almacenar › should store custom data and return the ID\u001b[39m\u001b[22m\n\n    \u001b[2mexpect(\u001b[22m\u001b[31mreceived\u001b[39m\u001b[2m).\u001b[22mtoBe\u001b[2m(\u001b[22m\u001b[32mexpected\u001b[39m\u001b[2m) // Object.is equality\u001b[22m\n\n    Expected: \u001b[32m200\u001b[39m\n    Received: \u001b[31m500\u001b[39m\n\u001b[2m\u001b[22m\n\u001b[2m    \u001b[0m \u001b[90m 101 |\u001b[39m     \u001b[36mconst\u001b[39m typedResponse \u001b[33m=\u001b[39m response \u001b[36mas\u001b[39m \u001b[36mimport\u001b[39m(\u001b[32m'aws-lambda'\u001b[39m)\u001b[33m.\u001b[39m\u001b[33mAPIGatewayProxyResult\u001b[39m\u001b[33m;\u001b[39m\u001b[22m\n\u001b[2m     \u001b[90m 102 |\u001b[39m     \u001b[22m\n\u001b[2m    \u001b[31m\u001b[1m>\u001b[22m\u001b[2m\u001b[39m\u001b[90m 103 |\u001b[39m     expect(typedResponse\u001b[33m.\u001b[39mstatusCode)\u001b[33m.\u001b[39mtoBe(\u001b[35m200\u001b[39m)\u001b[33m;\u001b[39m\u001b[22m\n\u001b[2m     \u001b[90m     |\u001b[39m                                      \u001b[31m\u001b[1m^\u001b[22m\u001b[2m\u001b[39m\u001b[22m\n\u001b[2m     \u001b[90m 104 |\u001b[39m     \u001b[22m\n\u001b[2m     \u001b[90m 105 |\u001b[39m     \u001b[36mconst\u001b[39m body \u001b[33m=\u001b[39m \u001b[33mJSON\u001b[39m\u001b[33m.\u001b[39mparse(typedResponse\u001b[33m.\u001b[39mbody)\u001b[33m;\u001b[39m\u001b[22m\n\u001b[2m     \u001b[90m 106 |\u001b[39m     expect(body)\u001b[33m.\u001b[39mtoHaveProperty(\u001b[32m'message'\u001b[39m)\u001b[33m;\u001b[39m\u001b[0m\u001b[22m\n\u001b[2m\u001b[22m\n\u001b[2m      \u001b[2mat Object.<anonymous> (\u001b[22m\u001b[2m\u001b[0m\u001b[36mtest/integration/almacenar.test.ts\u001b[39m\u001b[0m\u001b[2m:103:38)\u001b[22m\u001b[2m\u001b[22m\n\n\u001b[1m\u001b[31m  \u001b[1m● \u001b[22m\u001b[1mPOST /almacenar › should return 400 for invalid input\u001b[39m\u001b[22m\n\n    \u001b[2mexpect(\u001b[22m\u001b[31mreceived\u001b[39m\u001b[2m).\u001b[22mtoContain\u001b[2m(\u001b[22m\u001b[32mexpected\u001b[39m\u001b[2m) // indexOf\u001b[22m\n\n    Expected substring: \u001b[32m\"Validation Error\"\u001b[39m\n    Received string:    \u001b[31m\"Invalid data format. Expected a non-empty object.\"\u001b[39m\n\u001b[2m\u001b[22m\n\u001b[2m    \u001b[0m \u001b[90m 144 |\u001b[39m     \u001b[22m\n\u001b[2m     \u001b[90m 145 |\u001b[39m     expect(typedResponse\u001b[33m.\u001b[39mstatusCode)\u001b[33m.\u001b[39mtoBe(\u001b[35m400\u001b[39m)\u001b[33m;\u001b[39m\u001b[22m\n\u001b[2m    \u001b[31m\u001b[1m>\u001b[22m\u001b[2m\u001b[39m\u001b[90m 146 |\u001b[39m     expect(\u001b[33mJSON\u001b[39m\u001b[33m.\u001b[39mparse(typedResponse\u001b[33m.\u001b[39mbody)\u001b[33m.\u001b[39mmessage)\u001b[33m.\u001b[39mtoContain(\u001b[32m'Validation Error'\u001b[39m)\u001b[33m;\u001b[39m\u001b[22m\n\u001b[2m     \u001b[90m     |\u001b[39m                                                    \u001b[31m\u001b[1m^\u001b[22m\u001b[2m\u001b[39m\u001b[22m\n\u001b[2m     \u001b[90m 147 |\u001b[39m   })\u001b[33m;\u001b[39m\u001b[22m\n\u001b[2m     \u001b[90m 148 |\u001b[39m })\u001b[33m;\u001b[39m\u001b[22m\n\u001b[2m     \u001b[90m 149 |\u001b[39m\u001b[0m\u001b[22m\n\u001b[2m\u001b[22m\n\u001b[2m      \u001b[2mat Object.<anonymous> (\u001b[22m\u001b[2m\u001b[0m\u001b[36mtest/integration/almacenar.test.ts\u001b[39m\u001b[0m\u001b[2m:146:52)\u001b[22m\u001b[2m\u001b[22m\n","name":"D:\\Documentos\\Prueba Tecnica\\prueba-tecnica\\test\\integration\\almacenar.test.ts","startTime":1754855243248,"status":"failed","summary":""}],"wasInterrupted":false,"coverageMap":{"D:\\Documentos\\Prueba Tecnica\\prueba-tecnica\\src\\functions\\storeCustomData\\handler.ts":{"path":"D:\\Documentos\\Prueba Tecnica\\prueba-tecnica\\src\\functions\\storeCustomData\\handler.ts","statementMap":{"0":{"start":{"line":2,"column":0},"end":{"line":2,"column":36}},"1":{"start":{"line":3,"column":0},"end":{"line":3,"column":74}},"2":{"start":{"line":4,"column":0},"end":{"line":4,"column":66}},"3":{"start":{"line":6,"column":23},"end":{"line":54,"column":1}},"4":{"start":{"line":9,"column":2},"end":{"line":53,"column":3}},"5":{"start":{"line":10,"column":4},"end":{"line":12,"column":5}},"6":{"start":{"line":11,"column":6},"end":{"line":11,"column":60}},"7":{"start":{"line":14,"column":17},"end":{"line":14,"column":39}},"8":{"start":{"line":17,"column":4},"end":{"line":19,"column":5}},"9":{"start":{"line":18,"column":6},"end":{"line":18,"column":85}},"10":{"start":{"line":21,"column":19},"end":{"line":21,"column":27}},"11":{"start":{"line":22,"column":22},"end":{"line":22,"column":46}},"12":{"start":{"line":24,"column":17},"end":{"line":31,"column":6}},"13":{"start":{"line":33,"column":4},"end":{"line":33,"column":46}},"14":{"start":{"line":35,"column":4},"end":{"line":40,"column":7}},"15":{"start":{"line":42,"column":4},"end":{"line":42,"column":54}},"16":{"start":{"line":44,"column":4},"end":{"line":46,"column":5}},"17":{"start":{"line":45,"column":6},"end":{"line":45,"column":71}},"18":{"start":{"line":48,"column":4},"end":{"line":50,"column":5}},"19":{"start":{"line":49,"column":6},"end":{"line":49,"column":47}},"20":{"start":{"line":52,"column":4},"end":{"line":52,"column":55}},"21":{"start":{"line":6,"column":13},"end":{"line":6,"column":23}}},"fnMap":{"0":{"name":"(anonymous_0)","decl":{"start":{"line":6,"column":23},"end":{"line":6,"column":28}},"loc":{"start":{"line":8,"column":36},"end":{"line":54,"column":1}}}},"branchMap":{"0":{"loc":{"start":{"line":10,"column":4},"end":{"line":12,"column":5}},"type":"if","locations":[{"start":{"line":10,"column":4},"end":{"line":12,"column":5}},{"start":{},"end":{}}]},"1":{"loc":{"start":{"line":17,"column":4},"end":{"line":19,"column":5}},"type":"if","locations":[{"start":{"line":17,"column":4},"end":{"line":19,"column":5}},{"start":{},"end":{}}]},"2":{"loc":{"start":{"line":17,"column":8},"end":{"line":17,"column":75}},"type":"binary-expr","locations":[{"start":{"line":17,"column":8},"end":{"line":17,"column":13}},{"start":{"line":17,"column":17},"end":{"line":17,"column":41}},{"start":{"line":17,"column":45},"end":{"line":17,"column":75}}]},"3":{"loc":{"start":{"line":44,"column":4},"end":{"line":46,"column":5}},"type":"if","locations":[{"start":{"line":44,"column":4},"end":{"line":46,"column":5}},{"start":{},"end":{}}]},"4":{"loc":{"start":{"line":48,"column":4},"end":{"line":50,"column":5}},"type":"if","locations":[{"start":{"line":48,"column":4},"end":{"line":50,"column":5}},{"start":{},"end":{}}]}},"s":{"0":1,"1":1,"2":1,"3":1,"4":2,"5":2,"6":0,"7":2,"8":2,"9":1,"10":1,"11":1,"12":1,"13":1,"14":0,"15":1,"16":1,"17":0,"18":1,"19":1,"20":0,"21":1},"f":{"0":2},"b":{"0":[0,2],"1":[1,1],"2":[2,2,2],"3":[0,1],"4":[1,0]}},"D:\\Documentos\\Prueba Tecnica\\prueba-tecnica\\src\\utils\\api-response.ts":{"path":"D:\\Documentos\\Prueba Tecnica\\prueba-tecnica\\src\\utils\\api-response.ts","statementMap":{"0":{"start":{"line":3,"column":31},"end":{"line":13,"column":2}},"1":{"start":{"line":3,"column":89},"end":{"line":13,"column":2}},"2":{"start":{"line":3,"column":13},"end":{"line":3,"column":31}},"3":{"start":{"line":15,"column":29},"end":{"line":30,"column":2}},"4":{"start":{"line":19,"column":29},"end":{"line":30,"column":2}},"5":{"start":{"line":15,"column":13},"end":{"line":15,"column":29}},"6":{"start":{"line":34,"column":35},"end":{"line":45,"column":1}},"7":{"start":{"line":35,"column":16},"end":{"line":37,"column":8}},"8":{"start":{"line":39,"column":20},"end":{"line":39,"column":58}},"9":{"start":{"line":41,"column":2},"end":{"line":44,"column":4}},"10":{"start":{"line":34,"column":13},"end":{"line":34,"column":35}}},"fnMap":{"0":{"name":"(anonymous_0)","decl":{"start":{"line":3,"column":31},"end":{"line":3,"column":35}},"loc":{"start":{"line":3,"column":89},"end":{"line":13,"column":2}}},"1":{"name":"(anonymous_1)","decl":{"start":{"line":15,"column":29},"end":{"line":15,"column":null}},"loc":{"start":{"line":19,"column":29},"end":{"line":30,"column":2}}},"2":{"name":"(anonymous_2)","decl":{"start":{"line":34,"column":35},"end":{"line":34,"column":36}},"loc":{"start":{"line":34,"column":67},"end":{"line":45,"column":1}}}},"branchMap":{"0":{"loc":{"start":{"line":3,"column":44},"end":{"line":3,"column":60}},"type":"default-arg","locations":[{"start":{"line":3,"column":57},"end":{"line":3,"column":60}}]},"1":{"loc":{"start":{"line":17,"column":2},"end":{"line":17,"column":18}},"type":"default-arg","locations":[{"start":{"line":17,"column":15},"end":{"line":17,"column":18}}]},"2":{"loc":{"start":{"line":28,"column":8},"end":{"line":28,"column":28}},"type":"binary-expr","locations":[{"start":{"line":28,"column":8},"end":{"line":28,"column":14}},{"start":{"line":28,"column":18},"end":{"line":28,"column":28}}]},"3":{"loc":{"start":{"line":35,"column":16},"end":{"line":37,"column":8}},"type":"cond-expr","locations":[{"start":{"line":36,"column":6},"end":{"line":36,"column":53}},{"start":{"line":37,"column":6},"end":{"line":37,"column":8}}]},"4":{"loc":{"start":{"line":43,"column":15},"end":{"line":43,"column":37}},"type":"binary-expr","locations":[{"start":{"line":43,"column":15},"end":{"line":43,"column":24}},{"start":{"line":43,"column":28},"end":{"line":43,"column":37}}]}},"s":{"0":1,"1":0,"2":1,"3":1,"4":2,"5":1,"6":1,"7":0,"8":0,"9":0,"10":1},"f":{"0":0,"1":2,"2":0},"b":{"0":[0],"1":[0],"2":[2,0],"3":[0,0],"4":[0,0]}},"D:\\Documentos\\Prueba Tecnica\\prueba-tecnica\\src\\services\\dynamodb.service.ts":{"path":"D:\\Documentos\\Prueba Tecnica\\prueba-tecnica\\src\\services\\dynamodb.service.ts","statementMap":{"0":{"start":{"line":44,"column":0},"end":{"line":44,"column":16}},"1":{"start":{"line":69,"column":0},"end":{"line":69,"column":16}},"2":{"start":{"line":1,"column":0},"end":{"line":1,"column":58}},"3":{"start":{"line":2,"column":0},"end":{"line":2,"column":null}},"4":{"start":{"line":18,"column":0},"end":{"line":18,"column":33}},"5":{"start":{"line":20,"column":0},"end":{"line":20,"column":16}},"6":{"start":{"line":45,"column":2},"end":{"line":48,"column":3}},"7":{"start":{"line":46,"column":4},"end":{"line":46,"column":78}},"8":{"start":{"line":47,"column":4},"end":{"line":47,"column":38}},"9":{"start":{"line":51,"column":2},"end":{"line":51,"column":77}},"10":{"start":{"line":52,"column":17},"end":{"line":59,"column":4}},"11":{"start":{"line":62,"column":2},"end":{"line":62,"column":45}},"12":{"start":{"line":66,"column":19},"end":{"line":66,"column":41}},"13":{"start":{"line":70,"column":2},"end":{"line":127,"column":4}},"14":{"start":{"line":72,"column":26},"end":{"line":72,"column":87}},"15":{"start":{"line":73,"column":6},"end":{"line":73,"column":45}},"16":{"start":{"line":74,"column":6},"end":{"line":74,"column":54}},"17":{"start":{"line":75,"column":6},"end":{"line":75,"column":76}},"18":{"start":{"line":76,"column":6},"end":{"line":76,"column":83}},"19":{"start":{"line":78,"column":6},"end":{"line":124,"column":7}},"20":{"start":{"line":79,"column":21},"end":{"line":79,"column":52}},"21":{"start":{"line":80,"column":20},"end":{"line":80,"column":43}},"22":{"start":{"line":81,"column":8},"end":{"line":81,"column":75}},"23":{"start":{"line":82,"column":8},"end":{"line":82,"column":34}},"24":{"start":{"line":83,"column":8},"end":{"line":83,"column":95}},"25":{"start":{"line":84,"column":8},"end":{"line":84,"column":54}},"26":{"start":{"line":86,"column":13},"end":{"line":124,"column":7}},"27":{"start":{"line":87,"column":20},"end":{"line":87,"column":69}},"28":{"start":{"line":88,"column":8},"end":{"line":88,"column":69}},"29":{"start":{"line":89,"column":21},"end":{"line":89,"column":40}},"30":{"start":{"line":90,"column":8},"end":{"line":90,"column":61}},"31":{"start":{"line":91,"column":8},"end":{"line":91,"column":95}},"32":{"start":{"line":92,"column":8},"end":{"line":92,"column":66}},"33":{"start":{"line":94,"column":13},"end":{"line":124,"column":7}},"34":{"start":{"line":96,"column":23},"end":{"line":96,"column":79}},"35":{"start":{"line":97,"column":8},"end":{"line":97,"column":75}},"36":{"start":{"line":98,"column":22},"end":{"line":101,"column":null}},"37":{"start":{"line":99,"column":33},"end":{"line":99,"column":53}},"38":{"start":{"line":101,"column":12},"end":{"line":101,"column":77}},"39":{"start":{"line":103,"column":8},"end":{"line":103,"column":67}},"40":{"start":{"line":104,"column":8},"end":{"line":104,"column":68}},"41":{"start":{"line":106,"column":13},"end":{"line":124,"column":7}},"42":{"start":{"line":107,"column":22},"end":{"line":107,"column":53}},"43":{"start":{"line":108,"column":8},"end":{"line":108,"column":76}},"44":{"start":{"line":109,"column":8},"end":{"line":112,"column":10}},"45":{"start":{"line":114,"column":13},"end":{"line":124,"column":7}},"46":{"start":{"line":115,"column":20},"end":{"line":115,"column":69}},"47":{"start":{"line":116,"column":24},"end":{"line":116,"column":43}},"48":{"start":{"line":117,"column":8},"end":{"line":122,"column":9}},"49":{"start":{"line":118,"column":10},"end":{"line":118,"column":33}},"50":{"start":{"line":119,"column":10},"end":{"line":119,"column":71}},"51":{"start":{"line":121,"column":10},"end":{"line":121,"column":85}},"52":{"start":{"line":123,"column":8},"end":{"line":123,"column":54}},"53":{"start":{"line":125,"column":6},"end":{"line":125,"column":16}},"54":{"start":{"line":151,"column":4},"end":{"line":151,"column":57}},"55":{"start":{"line":152,"column":4},"end":{"line":152,"column":77}},"56":{"start":{"line":156,"column":4},"end":{"line":158,"column":5}},"57":{"start":{"line":157,"column":6},"end":{"line":157,"column":55}},"58":{"start":{"line":159,"column":4},"end":{"line":159,"column":36}},"59":{"start":{"line":164,"column":20},"end":{"line":167,"column":6}},"60":{"start":{"line":169,"column":4},"end":{"line":175,"column":5}},"61":{"start":{"line":170,"column":23},"end":{"line":170,"column":57}},"62":{"start":{"line":171,"column":6},"end":{"line":171,"column":43}},"63":{"start":{"line":173,"column":6},"end":{"line":173,"column":64}},"64":{"start":{"line":174,"column":6},"end":{"line":174,"column":18}},"65":{"start":{"line":179,"column":22},"end":{"line":179,"column":46}},"66":{"start":{"line":181,"column":40},"end":{"line":192,"column":6}},"67":{"start":{"line":194,"column":19},"end":{"line":197,"column":6}},"68":{"start":{"line":199,"column":4},"end":{"line":205,"column":5}},"69":{"start":{"line":200,"column":6},"end":{"line":200,"column":56}},"70":{"start":{"line":201,"column":6},"end":{"line":201,"column":30}},"71":{"start":{"line":203,"column":6},"end":{"line":203,"column":64}},"72":{"start":{"line":204,"column":6},"end":{"line":204,"column":18}},"73":{"start":{"line":210,"column":21},"end":{"line":210,"column":50}},"74":{"start":{"line":211,"column":4},"end":{"line":211,"column":34}},"75":{"start":{"line":216,"column":21},"end":{"line":216,"column":50}},"76":{"start":{"line":217,"column":20},"end":{"line":220,"column":6}},"77":{"start":{"line":222,"column":21},"end":{"line":222,"column":59}},"78":{"start":{"line":223,"column":4},"end":{"line":223,"column":50}},"79":{"start":{"line":228,"column":4},"end":{"line":275,"column":5}},"80":{"start":{"line":230,"column":6},"end":{"line":271,"column":7}},"81":{"start":{"line":231,"column":23},"end":{"line":240,"column":10}},"82":{"start":{"line":242,"column":23},"end":{"line":242,"column":81}},"83":{"start":{"line":243,"column":22},"end":{"line":243,"column":40}},"84":{"start":{"line":244,"column":8},"end":{"line":244,"column":36}},"85":{"start":{"line":247,"column":8},"end":{"line":269,"column":9}},"86":{"start":{"line":248,"column":10},"end":{"line":248,"column":74}},"87":{"start":{"line":250,"column":29},"end":{"line":260,"column":12}},"88":{"start":{"line":262,"column":25},"end":{"line":262,"column":86}},"89":{"start":{"line":263,"column":24},"end":{"line":263,"column":42}},"90":{"start":{"line":264,"column":30},"end":{"line":265,"column":null}},"91":{"start":{"line":265,"column":12},"end":{"line":265,"column":77}},"92":{"start":{"line":268,"column":10},"end":{"line":268,"column":45}},"93":{"start":{"line":270,"column":8},"end":{"line":270,"column":20}},"94":{"start":{"line":273,"column":6},"end":{"line":273,"column":55}},"95":{"start":{"line":274,"column":6},"end":{"line":274,"column":18}},"96":{"start":{"line":279,"column":19},"end":{"line":282,"column":6}},"97":{"start":{"line":284,"column":4},"end":{"line":290,"column":5}},"98":{"start":{"line":285,"column":21},"end":{"line":285,"column":71}},"99":{"start":{"line":286,"column":6},"end":{"line":286,"column":49}},"100":{"start":{"line":288,"column":6},"end":{"line":288,"column":66}},"101":{"start":{"line":289,"column":6},"end":{"line":289,"column":18}},"102":{"start":{"line":294,"column":19},"end":{"line":300,"column":6}},"103":{"start":{"line":302,"column":4},"end":{"line":308,"column":5}},"104":{"start":{"line":303,"column":21},"end":{"line":303,"column":73}},"105":{"start":{"line":304,"column":6},"end":{"line":304,"column":18}},"106":{"start":{"line":306,"column":6},"end":{"line":306,"column":65}},"107":{"start":{"line":307,"column":6},"end":{"line":307,"column":18}},"108":{"start":{"line":143,"column":0},"end":{"line":143,"column":13}}},"fnMap":{"0":{"name":"createDynamoDBClient","decl":{"start":{"line":44,"column":16},"end":{"line":44,"column":36}},"loc":{"start":{"line":44,"column":36},"end":{"line":63,"column":1}}},"1":{"name":"createMockDynamoDBClient","decl":{"start":{"line":69,"column":16},"end":{"line":69,"column":40}},"loc":{"start":{"line":69,"column":40},"end":{"line":128,"column":1}}},"2":{"name":"(anonymous_11)","decl":{"start":{"line":71,"column":10},"end":{"line":71,"column":15}},"loc":{"start":{"line":71,"column":33},"end":{"line":126,"column":5}}},"3":{"name":"(anonymous_12)","decl":{"start":{"line":99,"column":18},"end":{"line":99,"column":19}},"loc":{"start":{"line":99,"column":33},"end":{"line":99,"column":53}}},"4":{"name":"(anonymous_13)","decl":{"start":{"line":100,"column":16},"end":{"line":100,"column":17}},"loc":{"start":{"line":101,"column":12},"end":{"line":101,"column":77}}},"5":{"name":"(anonymous_14)","decl":{"start":{"line":150,"column":2},"end":{"line":150,"column":14}},"loc":{"start":{"line":150,"column":41},"end":{"line":153,"column":3}}},"6":{"name":"(anonymous_15)","decl":{"start":{"line":155,"column":9},"end":{"line":155,"column":15}},"loc":{"start":{"line":155,"column":27},"end":{"line":160,"column":3}}},"7":{"name":"(anonymous_16)","decl":{"start":{"line":163,"column":2},"end":{"line":163,"column":7}},"loc":{"start":{"line":163,"column":38},"end":{"line":176,"column":3}}},"8":{"name":"(anonymous_17)","decl":{"start":{"line":178,"column":2},"end":{"line":178,"column":7}},"loc":{"start":{"line":178,"column":50},"end":{"line":206,"column":3}}},"9":{"name":"(anonymous_18)","decl":{"start":{"line":209,"column":2},"end":{"line":209,"column":8}},"loc":{"start":{"line":209,"column":63},"end":{"line":212,"column":3}}},"10":{"name":"(anonymous_19)","decl":{"start":{"line":215,"column":2},"end":{"line":215,"column":8}},"loc":{"start":{"line":215,"column":51},"end":{"line":224,"column":3}}},"11":{"name":"(anonymous_20)","decl":{"start":{"line":227,"column":2},"end":{"line":227,"column":7}},"loc":{"start":{"line":227,"column":51},"end":{"line":276,"column":3}}},"12":{"name":"(anonymous_21)","decl":{"start":{"line":264,"column":61},"end":{"line":264,"column":62}},"loc":{"start":{"line":265,"column":12},"end":{"line":265,"column":77}}},"13":{"name":"(anonymous_22)","decl":{"start":{"line":278,"column":2},"end":{"line":278,"column":7}},"loc":{"start":{"line":278,"column":36},"end":{"line":291,"column":3}}},"14":{"name":"(anonymous_23)","decl":{"start":{"line":293,"column":2},"end":{"line":293,"column":7}},"loc":{"start":{"line":293,"column":41},"end":{"line":309,"column":3}}}},"branchMap":{"0":{"loc":{"start":{"line":45,"column":2},"end":{"line":48,"column":3}},"type":"if","locations":[{"start":{"line":45,"column":2},"end":{"line":48,"column":3}},{"start":{},"end":{}}]},"1":{"loc":{"start":{"line":45,"column":6},"end":{"line":45,"column":84}},"type":"binary-expr","locations":[{"start":{"line":45,"column":6},"end":{"line":45,"column":46}},{"start":{"line":45,"column":50},"end":{"line":45,"column":84}}]},"2":{"loc":{"start":{"line":53,"column":12},"end":{"line":53,"column":49}},"type":"binary-expr","locations":[{"start":{"line":53,"column":12},"end":{"line":53,"column":34}},{"start":{"line":53,"column":38},"end":{"line":53,"column":49}}]},"3":{"loc":{"start":{"line":55,"column":19},"end":{"line":55,"column":59}},"type":"binary-expr","locations":[{"start":{"line":55,"column":19},"end":{"line":55,"column":48}},{"start":{"line":55,"column":52},"end":{"line":55,"column":59}}]},"4":{"loc":{"start":{"line":56,"column":23},"end":{"line":56,"column":67}},"type":"binary-expr","locations":[{"start":{"line":56,"column":23},"end":{"line":56,"column":56}},{"start":{"line":56,"column":60},"end":{"line":56,"column":67}}]},"5":{"loc":{"start":{"line":58,"column":14},"end":{"line":58,"column":74}},"type":"cond-expr","locations":[{"start":{"line":58,"column":39},"end":{"line":58,"column":62}},{"start":{"line":58,"column":65},"end":{"line":58,"column":74}}]},"6":{"loc":{"start":{"line":72,"column":26},"end":{"line":72,"column":87}},"type":"binary-expr","locations":[{"start":{"line":72,"column":26},"end":{"line":72,"column":51}},{"start":{"line":72,"column":55},"end":{"line":72,"column":67}},{"start":{"line":72,"column":71},"end":{"line":72,"column":87}}]},"7":{"loc":{"start":{"line":78,"column":6},"end":{"line":124,"column":7}},"type":"if","locations":[{"start":{"line":78,"column":6},"end":{"line":124,"column":7}},{"start":{"line":86,"column":13},"end":{"line":124,"column":7}}]},"8":{"loc":{"start":{"line":78,"column":10},"end":{"line":78,"column":97}},"type":"binary-expr","locations":[{"start":{"line":78,"column":10},"end":{"line":78,"column":29}},{"start":{"line":78,"column":34},"end":{"line":78,"column":63}},{"start":{"line":78,"column":67},"end":{"line":78,"column":96}}]},"9":{"loc":{"start":{"line":86,"column":13},"end":{"line":124,"column":7}},"type":"if","locations":[{"start":{"line":86,"column":13},"end":{"line":124,"column":7}},{"start":{"line":94,"column":13},"end":{"line":124,"column":7}}]},"10":{"loc":{"start":{"line":86,"column":17},"end":{"line":86,"column":103}},"type":"binary-expr","locations":[{"start":{"line":86,"column":17},"end":{"line":86,"column":35}},{"start":{"line":86,"column":40},"end":{"line":86,"column":69}},{"start":{"line":86,"column":73},"end":{"line":86,"column":102}}]},"11":{"loc":{"start":{"line":94,"column":13},"end":{"line":124,"column":7}},"type":"if","locations":[{"start":{"line":94,"column":13},"end":{"line":124,"column":7}},{"start":{"line":106,"column":13},"end":{"line":124,"column":7}}]},"12":{"loc":{"start":{"line":94,"column":17},"end":{"line":95,"column":84}},"type":"binary-expr","locations":[{"start":{"line":94,"column":18},"end":{"line":94,"column":55}},{"start":{"line":94,"column":59},"end":{"line":94,"column":99}},{"start":{"line":95,"column":17},"end":{"line":95,"column":48}},{"start":{"line":95,"column":52},"end":{"line":95,"column":83}}]},"13":{"loc":{"start":{"line":96,"column":23},"end":{"line":96,"column":79}},"type":"binary-expr","locations":[{"start":{"line":96,"column":23},"end":{"line":96,"column":73}},{"start":{"line":96,"column":77},"end":{"line":96,"column":79}}]},"14":{"loc":{"start":{"line":106,"column":13},"end":{"line":124,"column":7}},"type":"if","locations":[{"start":{"line":106,"column":13},"end":{"line":124,"column":7}},{"start":{"line":114,"column":13},"end":{"line":124,"column":7}}]},"15":{"loc":{"start":{"line":106,"column":17},"end":{"line":106,"column":81}},"type":"binary-expr","locations":[{"start":{"line":106,"column":17},"end":{"line":106,"column":47}},{"start":{"line":106,"column":51},"end":{"line":106,"column":81}}]},"16":{"loc":{"start":{"line":114,"column":13},"end":{"line":124,"column":7}},"type":"if","locations":[{"start":{"line":114,"column":13},"end":{"line":124,"column":7}},{"start":{},"end":{}}]},"17":{"loc":{"start":{"line":114,"column":17},"end":{"line":114,"column":85}},"type":"binary-expr","locations":[{"start":{"line":114,"column":17},"end":{"line":114,"column":49}},{"start":{"line":114,"column":53},"end":{"line":114,"column":85}}]},"18":{"loc":{"start":{"line":117,"column":8},"end":{"line":122,"column":9}},"type":"if","locations":[{"start":{"line":117,"column":8},"end":{"line":122,"column":9}},{"start":{"line":120,"column":15},"end":{"line":122,"column":9}}]},"19":{"loc":{"start":{"line":151,"column":21},"end":{"line":151,"column":56}},"type":"binary-expr","locations":[{"start":{"line":151,"column":21},"end":{"line":151,"column":30}},{"start":{"line":151,"column":34},"end":{"line":151,"column":56}}]},"20":{"loc":{"start":{"line":152,"column":21},"end":{"line":152,"column":76}},"type":"binary-expr","locations":[{"start":{"line":152,"column":21},"end":{"line":152,"column":47}},{"start":{"line":152,"column":51},"end":{"line":152,"column":76}}]},"21":{"loc":{"start":{"line":156,"column":4},"end":{"line":158,"column":5}},"type":"if","locations":[{"start":{"line":156,"column":4},"end":{"line":158,"column":5}},{"start":{},"end":{}}]},"22":{"loc":{"start":{"line":186,"column":12},"end":{"line":186,"column":27}},"type":"binary-expr","locations":[{"start":{"line":186,"column":12},"end":{"line":186,"column":21}},{"start":{"line":186,"column":25},"end":{"line":186,"column":27}}]},"23":{"loc":{"start":{"line":187,"column":11},"end":{"line":187,"column":74}},"type":"binary-expr","locations":[{"start":{"line":187,"column":11},"end":{"line":187,"column":19}},{"start":{"line":187,"column":23},"end":{"line":187,"column":74}}]},"24":{"loc":{"start":{"line":188,"column":12},"end":{"line":188,"column":32}},"type":"binary-expr","locations":[{"start":{"line":188,"column":12},"end":{"line":188,"column":21}},{"start":{"line":188,"column":25},"end":{"line":188,"column":32}}]},"25":{"loc":{"start":{"line":189,"column":14},"end":{"line":189,"column":38}},"type":"binary-expr","locations":[{"start":{"line":189,"column":14},"end":{"line":189,"column":25}},{"start":{"line":189,"column":29},"end":{"line":189,"column":38}}]},"26":{"loc":{"start":{"line":190,"column":14},"end":{"line":190,"column":38}},"type":"binary-expr","locations":[{"start":{"line":190,"column":14},"end":{"line":190,"column":25}},{"start":{"line":190,"column":29},"end":{"line":190,"column":38}}]},"27":{"loc":{"start":{"line":227,"column":33},"end":{"line":227,"column":51}},"type":"default-arg","locations":[{"start":{"line":227,"column":49},"end":{"line":227,"column":51}}]},"28":{"loc":{"start":{"line":243,"column":22},"end":{"line":243,"column":40}},"type":"binary-expr","locations":[{"start":{"line":243,"column":22},"end":{"line":243,"column":34}},{"start":{"line":243,"column":38},"end":{"line":243,"column":40}}]},"29":{"loc":{"start":{"line":247,"column":8},"end":{"line":269,"column":9}},"type":"if","locations":[{"start":{"line":247,"column":8},"end":{"line":269,"column":9}},{"start":{},"end":{}}]},"30":{"loc":{"start":{"line":247,"column":12},"end":{"line":247,"column":99}},"type":"binary-expr","locations":[{"start":{"line":247,"column":12},"end":{"line":247,"column":48}},{"start":{"line":247,"column":52},"end":{"line":247,"column":99}}]},"31":{"loc":{"start":{"line":263,"column":24},"end":{"line":263,"column":42}},"type":"binary-expr","locations":[{"start":{"line":263,"column":24},"end":{"line":263,"column":36}},{"start":{"line":263,"column":40},"end":{"line":263,"column":42}}]},"32":{"loc":{"start":{"line":278,"column":18},"end":{"line":278,"column":36}},"type":"default-arg","locations":[{"start":{"line":278,"column":34},"end":{"line":278,"column":36}}]},"33":{"loc":{"start":{"line":286,"column":14},"end":{"line":286,"column":32}},"type":"binary-expr","locations":[{"start":{"line":286,"column":14},"end":{"line":286,"column":26}},{"start":{"line":286,"column":30},"end":{"line":286,"column":32}}]}},"s":{"0":1,"1":1,"2":1,"3":1,"4":1,"5":1,"6":1,"7":1,"8":1,"9":0,"10":0,"11":0,"12":1,"13":1,"14":1,"15":1,"16":1,"17":1,"18":1,"19":1,"20":0,"21":0,"22":0,"23":0,"24":0,"25":0,"26":1,"27":0,"28":0,"29":0,"30":0,"31":0,"32":0,"33":1,"34":0,"35":0,"36":0,"37":0,"38":0,"39":0,"40":0,"41":1,"42":0,"43":0,"44":0,"45":1,"46":0,"47":0,"48":0,"49":0,"50":0,"51":0,"52":0,"53":0,"54":2,"55":2,"56":1,"57":1,"58":1,"59":0,"60":0,"61":0,"62":0,"63":0,"64":0,"65":1,"66":1,"67":1,"68":1,"69":1,"70":0,"71":1,"72":1,"73":1,"74":1,"75":0,"76":0,"77":0,"78":0,"79":0,"80":0,"81":0,"82":0,"83":0,"84":0,"85":0,"86":0,"87":0,"88":0,"89":0,"90":0,"91":0,"92":0,"93":0,"94":0,"95":0,"96":0,"97":0,"98":0,"99":0,"100":0,"101":0,"102":0,"103":0,"104":0,"105":0,"106":0,"107":0,"108":1},"f":{"0":1,"1":1,"2":1,"3":0,"4":0,"5":2,"6":1,"7":0,"8":1,"9":1,"10":0,"11":0,"12":0,"13":0,"14":0},"b":{"0":[1,0],"1":[1,1],"2":[0,0],"3":[0,0],"4":[0,0],"5":[0,0],"6":[1,0,0],"7":[0,1],"8":[1,1,1],"9":[0,1],"10":[1,0,0],"11":[0,1],"12":[1,1,0,0],"13":[0,0],"14":[0,1],"15":[1,1],"16":[0,0],"17":[1,1],"18":[0,0],"19":[2,1],"20":[2,0],"21":[1,0],"22":[1,0],"23":[1,1],"24":[1,0],"25":[1,1],"26":[1,1],"27":[0],"28":[0,0],"29":[0,0],"30":[0,0],"31":[0,0],"32":[0],"33":[0,0]}}}}
